<?xml version="1.0" encoding="UTF-8"?>
<!-- Generated by org.testng.reporters.JUnitXMLReporter -->
<testsuite ignored="0" hostname="DESKTOP-IFNDKD5" failures="0" tests="5" name="FirefoxTest" time="0.14" errors="0" timestamp="2022-09-21T08:53:33 EDT">
  <testcase classname="temptest.FbTestng" name="@BeforeTest launchBrowser" time="0.017">
    <failure type="java.lang.NullPointerException" message="Cannot invoke &amp;quot;org.openqa.selenium.WebDriver.manage()&amp;quot; because &amp;quot;this.driver&amp;quot; is null">
      <![CDATA[java.lang.NullPointerException: Cannot invoke "org.openqa.selenium.WebDriver.manage()" because "this.driver" is null
at temptest.FbTestng.launchBrowser(FbTestng.java:47)
... Removed 22 stack frames]]>
    </failure>
  </testcase> <!-- @BeforeTest launchBrowser -->
  <testcase classname="temptest.FbTestng2" name="@BeforeTest launchBrowser" time="-1.663764813292E9">
    <skipped/>
  </testcase> <!-- @BeforeTest launchBrowser -->
  <testcase classname="temptest.FbTestng3" name="@BeforeTest launchBrowser" time="-1.663764813297E9">
    <skipped/>
  </testcase> <!-- @BeforeTest launchBrowser -->
  <testcase classname="temptest.FbTestng3" name="@BeforeClass createPOMobjects" time="-1.663764813303E9">
    <skipped/>
  </testcase> <!-- @BeforeClass createPOMobjects -->
  <testcase classname="temptest.FbTestng3" name="@BeforeMethod openBulletins" time="-1.663764813307E9">
    <skipped/>
  </testcase> <!-- @BeforeMethod openBulletins -->
  <testcase classname="temptest.FbTestng2" name="@BeforeClass createPOMobjects" time="-1.663764813312E9">
    <skipped/>
  </testcase> <!-- @BeforeClass createPOMobjects -->
  <testcase classname="temptest.FbTestng2" name="@BeforeMethod openServices1" time="-1.663764813316E9">
    <skipped/>
  </testcase> <!-- @BeforeMethod openServices1 -->
  <testcase classname="temptest.FbTestng2" name="@AfterMethod logout" time="-1.663764813325E9">
    <skipped/>
  </testcase> <!-- @AfterMethod logout -->
  <testcase classname="temptest.FbTestng3" name="@AfterMethod logoutapplication" time="-1.663764813334E9">
    <skipped/>
  </testcase> <!-- @AfterMethod logoutapplication -->
  <testcase classname="temptest.FbTestng3" name="@AfterClass cleanPOMobjects" time="-1.663764813336E9">
    <skipped/>
  </testcase> <!-- @AfterClass cleanPOMobjects -->
  <testcase classname="temptest.FbTestng" name="@BeforeClass createPOMobjects" time="-1.663764813338E9">
    <skipped/>
  </testcase> <!-- @BeforeClass createPOMobjects -->
  <testcase classname="temptest.FbTestng" name="@BeforeMethod openRoomsPage" time="-1.66376481334E9">
    <skipped/>
  </testcase> <!-- @BeforeMethod openRoomsPage -->
  <testcase classname="temptest.FbTestng2" name="@BeforeMethod openServices1" time="-1.663764813329E9">
    <skipped/>
  </testcase> <!-- @BeforeMethod openServices1 -->
  <testcase classname="temptest.FbTestng" name="@AfterMethod logOutfromApplication" time="-1.663764813345E9">
    <skipped/>
  </testcase> <!-- @AfterMethod logOutfromApplication -->
  <testcase classname="temptest.FbTestng" name="@BeforeMethod openRoomsPage" time="-1.663764813348E9">
    <skipped/>
  </testcase> <!-- @BeforeMethod openRoomsPage -->
  <testcase classname="temptest.FbTestng" name="@AfterMethod logOutfromApplication" time="-1.663764813358E9">
    <skipped/>
  </testcase> <!-- @AfterMethod logOutfromApplication -->
  <testcase classname="temptest.FbTestng" name="@AfterClass cleanPOMobjects" time="-1.663764813361E9">
    <skipped/>
  </testcase> <!-- @AfterClass cleanPOMobjects -->
  <testcase classname="temptest.FbTestng2" name="@AfterMethod logout" time="-1.663764813361E9">
    <skipped/>
  </testcase> <!-- @AfterMethod logout -->
  <testcase classname="temptest.FbTestng2" name="@AfterClass cleanPOMobjects" time="-1.663764813363E9">
    <skipped/>
  </testcase> <!-- @AfterClass cleanPOMobjects -->
  <testcase classname="temptest.FbTestng" name="@AfterTest closeBrowser" time="-1.663764813365E9">
    <skipped/>
  </testcase> <!-- @AfterTest closeBrowser -->
  <testcase classname="temptest.FbTestng2" name="@AfterTest closeBrowser" time="-1.663764813366E9">
    <skipped/>
  </testcase> <!-- @AfterTest closeBrowser -->
  <testcase classname="temptest.FbTestng3" name="@AfterTest closeBrowser" time="-1.663764813368E9">
    <skipped/>
  </testcase> <!-- @AfterTest closeBrowser -->
  <testcase classname="temptest.FbTestng2" name="sendkeyInEmail" time="0.0">
    <skipped/>
  </testcase> <!-- sendkeyInEmail -->
  <testcase classname="temptest.FbTestng3" name="fillLoginDetails" time="0.0">
    <skipped/>
  </testcase> <!-- fillLoginDetails -->
  <testcase classname="temptest.FbTestng" name="verifyGoBackToMessenger" time="0.0">
    <skipped/>
  </testcase> <!-- verifyGoBackToMessenger -->
  <testcase classname="temptest.FbTestng2" name="sendKeysInPassword" time="0.0">
    <skipped/>
  </testcase> <!-- sendKeysInPassword -->
  <testcase classname="temptest.FbTestng" name="verifyVisitOurHelpCentre" time="0.0">
    <skipped/>
  </testcase> <!-- verifyVisitOurHelpCentre -->
</testsuite> <!-- FirefoxTest -->
