<?xml version="1.0" encoding="UTF-8"?>
<!-- Generated by org.testng.reporters.JUnitXMLReporter -->
<testsuite ignored="0" hostname="DESKTOP-IFNDKD5" failures="0" tests="5" name="Test123" time="0.095" errors="0" timestamp="2022-09-13T02:11:43 EDT">
  <testcase classname="temptest.TestClass" name="test1" time="0.007"/>
  <testcase classname="temptest.TestClass" name="test2" time="0.005"/>
  <testcase classname="temptest.TestClass" name="test3" time="0.005"/>
  <testcase classname="temptest.TestNGClass" name="a" time="0.002"/>
  <testcase classname="temptest.TestNGClass" name="b" time="0.006"/>
</testsuite> <!-- Test123 -->
